<?xml version="1.0" encoding="UTF-8"?>
<testng-results ignored="0" total="12" passed="12" failed="0" skipped="0">
  <reporter-output>
  </reporter-output>
  <suite started-at="2022-02-09T16:30:11Z" name="Suite" finished-at="2022-02-09T16:32:29Z" duration-ms="137519">
    <groups>
      <group name="cucumber">
        <method signature="TestRunner.feature(cucumber.api.testng.CucumberFeatureWrapper)[pri:0, instance:MyRunner.TestRunner@4f704591]" name="feature" class="MyRunner.TestRunner"/>
        <method signature="TestRunner.feature(cucumber.api.testng.CucumberFeatureWrapper)[pri:0, instance:MyRunner.TestRunner@398dada8]" name="feature" class="MyRunner.TestRunner"/>
        <method signature="TestRunner.feature(cucumber.api.testng.CucumberFeatureWrapper)[pri:0, instance:MyRunner.TestRunner@6a47b187]" name="feature" class="MyRunner.TestRunner"/>
        <method signature="TestRunner.feature(cucumber.api.testng.CucumberFeatureWrapper)[pri:0, instance:MyRunner.TestRunner@5495333e]" name="feature" class="MyRunner.TestRunner"/>
      </group> <!-- cucumber -->
    </groups>
    <test started-at="2022-02-09T16:30:11Z" name="MacOSTest" finished-at="2022-02-09T16:31:25Z" duration-ms="74038">
      <class name="MyRunner.TestRunner">
        <test-method is-config="true" signature="setUpCucumber()[pri:0, instance:MyRunner.TestRunner@6a47b187]" started-at="2022-02-09T16:30:11Z" name="setUpCucumber" finished-at="2022-02-09T16:30:11Z" duration-ms="425" status="PASS">
          <reporter-output>
          </reporter-output>
        </test-method> <!-- setUpCucumber -->
        <test-method is-config="true" signature="setUpClass(java.lang.String, java.lang.String, java.lang.String)[pri:0, instance:MyRunner.TestRunner@6a47b187]" started-at="2022-02-09T16:30:12Z" name="setUpClass" finished-at="2022-02-09T16:30:19Z" duration-ms="7582" status="PASS">
          <params>
            <param index="0">
              <value>
                <![CDATA[Microsoft Edge]]>
              </value>
            </param>
            <param index="1">
              <value>
                <![CDATA[87.0]]>
              </value>
            </param>
            <param index="2">
              <value>
                <![CDATA[macOS Sierra]]>
              </value>
            </param>
          </params>
          <reporter-output>
          </reporter-output>
        </test-method> <!-- setUpClass -->
        <test-method signature="feature(cucumber.api.testng.CucumberFeatureWrapper)[pri:0, instance:MyRunner.TestRunner@6a47b187]" started-at="2022-02-09T16:30:19Z" name="feature" description="Runs Cucumber Feature" data-provider="features" finished-at="2022-02-09T16:30:28Z" duration-ms="8831" status="PASS">
          <params>
            <param index="0">
              <value>
                <![CDATA[DragAndDropSlider]]>
              </value>
            </param>
          </params>
          <reporter-output>
          </reporter-output>
        </test-method> <!-- feature -->
        <test-method is-config="true" signature="setUpClass(java.lang.String, java.lang.String, java.lang.String)[pri:0, instance:MyRunner.TestRunner@6a47b187]" started-at="2022-02-09T16:30:28Z" name="setUpClass" finished-at="2022-02-09T16:30:42Z" duration-ms="13601" status="PASS">
          <params>
            <param index="0">
              <value>
                <![CDATA[Microsoft Edge]]>
              </value>
            </param>
            <param index="1">
              <value>
                <![CDATA[87.0]]>
              </value>
            </param>
            <param index="2">
              <value>
                <![CDATA[macOS Sierra]]>
              </value>
            </param>
          </params>
          <reporter-output>
          </reporter-output>
        </test-method> <!-- setUpClass -->
        <test-method signature="feature(cucumber.api.testng.CucumberFeatureWrapper)[pri:0, instance:MyRunner.TestRunner@6a47b187]" started-at="2022-02-09T16:30:42Z" name="feature" description="Runs Cucumber Feature" data-provider="features" finished-at="2022-02-09T16:30:58Z" duration-ms="16202" status="PASS">
          <params>
            <param index="0">
              <value>
                <![CDATA[InputFormSubmit]]>
              </value>
            </param>
          </params>
          <reporter-output>
          </reporter-output>
        </test-method> <!-- feature -->
        <test-method is-config="true" signature="setUpClass(java.lang.String, java.lang.String, java.lang.String)[pri:0, instance:MyRunner.TestRunner@6a47b187]" started-at="2022-02-09T16:30:58Z" name="setUpClass" finished-at="2022-02-09T16:31:18Z" duration-ms="20431" status="PASS">
          <params>
            <param index="0">
              <value>
                <![CDATA[Microsoft Edge]]>
              </value>
            </param>
            <param index="1">
              <value>
                <![CDATA[87.0]]>
              </value>
            </param>
            <param index="2">
              <value>
                <![CDATA[macOS Sierra]]>
              </value>
            </param>
          </params>
          <reporter-output>
          </reporter-output>
        </test-method> <!-- setUpClass -->
        <test-method signature="feature(cucumber.api.testng.CucumberFeatureWrapper)[pri:0, instance:MyRunner.TestRunner@6a47b187]" started-at="2022-02-09T16:31:18Z" name="feature" description="Runs Cucumber Feature" data-provider="features" finished-at="2022-02-09T16:31:25Z" duration-ms="6745" status="PASS">
          <params>
            <param index="0">
              <value>
                <![CDATA[SimpleDemoForm]]>
              </value>
            </param>
          </params>
          <reporter-output>
          </reporter-output>
        </test-method> <!-- feature -->
        <test-method is-config="true" signature="tearDownClass()[pri:0, instance:MyRunner.TestRunner@6a47b187]" started-at="2022-02-09T16:31:25Z" name="tearDownClass" finished-at="2022-02-09T16:31:25Z" duration-ms="11" status="PASS">
          <reporter-output>
          </reporter-output>
        </test-method> <!-- tearDownClass -->
      </class> <!-- MyRunner.TestRunner -->
    </test> <!-- MacOSTest -->
    <test started-at="2022-02-09T16:30:11Z" name="Windows 7 Test" finished-at="2022-02-09T16:31:38Z" duration-ms="86596">
      <class name="MyRunner.TestRunner">
        <test-method is-config="true" signature="setUpCucumber()[pri:0, instance:MyRunner.TestRunner@4f704591]" started-at="2022-02-09T16:30:11Z" name="setUpCucumber" finished-at="2022-02-09T16:30:11Z" duration-ms="425" status="PASS">
          <reporter-output>
          </reporter-output>
        </test-method> <!-- setUpCucumber -->
        <test-method is-config="true" signature="setUpClass(java.lang.String, java.lang.String, java.lang.String)[pri:0, instance:MyRunner.TestRunner@4f704591]" started-at="2022-02-09T16:30:12Z" name="setUpClass" finished-at="2022-02-09T16:30:40Z" duration-ms="28418" status="PASS">
          <params>
            <param index="0">
              <value>
                <![CDATA[Firefox]]>
              </value>
            </param>
            <param index="1">
              <value>
                <![CDATA[82.0]]>
              </value>
            </param>
            <param index="2">
              <value>
                <![CDATA[Windows 7]]>
              </value>
            </param>
          </params>
          <reporter-output>
          </reporter-output>
        </test-method> <!-- setUpClass -->
        <test-method signature="feature(cucumber.api.testng.CucumberFeatureWrapper)[pri:0, instance:MyRunner.TestRunner@4f704591]" started-at="2022-02-09T16:30:40Z" name="feature" description="Runs Cucumber Feature" data-provider="features" finished-at="2022-02-09T16:30:49Z" duration-ms="9027" status="PASS">
          <params>
            <param index="0">
              <value>
                <![CDATA[DragAndDropSlider]]>
              </value>
            </param>
          </params>
          <reporter-output>
          </reporter-output>
        </test-method> <!-- feature -->
        <test-method is-config="true" signature="setUpClass(java.lang.String, java.lang.String, java.lang.String)[pri:0, instance:MyRunner.TestRunner@4f704591]" started-at="2022-02-09T16:30:49Z" name="setUpClass" finished-at="2022-02-09T16:31:00Z" duration-ms="10624" status="PASS">
          <params>
            <param index="0">
              <value>
                <![CDATA[Firefox]]>
              </value>
            </param>
            <param index="1">
              <value>
                <![CDATA[82.0]]>
              </value>
            </param>
            <param index="2">
              <value>
                <![CDATA[Windows 7]]>
              </value>
            </param>
          </params>
          <reporter-output>
          </reporter-output>
        </test-method> <!-- setUpClass -->
        <test-method signature="feature(cucumber.api.testng.CucumberFeatureWrapper)[pri:0, instance:MyRunner.TestRunner@4f704591]" started-at="2022-02-09T16:31:00Z" name="feature" description="Runs Cucumber Feature" data-provider="features" finished-at="2022-02-09T16:31:08Z" duration-ms="8703" status="PASS">
          <params>
            <param index="0">
              <value>
                <![CDATA[InputFormSubmit]]>
              </value>
            </param>
          </params>
          <reporter-output>
          </reporter-output>
        </test-method> <!-- feature -->
        <test-method is-config="true" signature="setUpClass(java.lang.String, java.lang.String, java.lang.String)[pri:0, instance:MyRunner.TestRunner@4f704591]" started-at="2022-02-09T16:31:08Z" name="setUpClass" finished-at="2022-02-09T16:31:31Z" duration-ms="22741" status="PASS">
          <params>
            <param index="0">
              <value>
                <![CDATA[Firefox]]>
              </value>
            </param>
            <param index="1">
              <value>
                <![CDATA[82.0]]>
              </value>
            </param>
            <param index="2">
              <value>
                <![CDATA[Windows 7]]>
              </value>
            </param>
          </params>
          <reporter-output>
          </reporter-output>
        </test-method> <!-- setUpClass -->
        <test-method signature="feature(cucumber.api.testng.CucumberFeatureWrapper)[pri:0, instance:MyRunner.TestRunner@4f704591]" started-at="2022-02-09T16:31:31Z" name="feature" description="Runs Cucumber Feature" data-provider="features" finished-at="2022-02-09T16:31:38Z" duration-ms="6444" status="PASS">
          <params>
            <param index="0">
              <value>
                <![CDATA[SimpleDemoForm]]>
              </value>
            </param>
          </params>
          <reporter-output>
          </reporter-output>
        </test-method> <!-- feature -->
        <test-method is-config="true" signature="tearDownClass()[pri:0, instance:MyRunner.TestRunner@4f704591]" started-at="2022-02-09T16:31:38Z" name="tearDownClass" finished-at="2022-02-09T16:31:38Z" duration-ms="6" status="PASS">
          <reporter-output>
          </reporter-output>
        </test-method> <!-- tearDownClass -->
      </class> <!-- MyRunner.TestRunner -->
    </test> <!-- Windows 7 Test -->
    <test started-at="2022-02-09T16:30:11Z" name="Windows-10" finished-at="2022-02-09T16:32:25Z" duration-ms="134348">
      <class name="MyRunner.TestRunner">
        <test-method is-config="true" signature="setUpCucumber()[pri:0, instance:MyRunner.TestRunner@5495333e]" started-at="2022-02-09T16:30:11Z" name="setUpCucumber" finished-at="2022-02-09T16:30:11Z" duration-ms="430" status="PASS">
          <reporter-output>
          </reporter-output>
        </test-method> <!-- setUpCucumber -->
        <test-method is-config="true" signature="setUpClass(java.lang.String, java.lang.String, java.lang.String)[pri:0, instance:MyRunner.TestRunner@5495333e]" started-at="2022-02-09T16:30:12Z" name="setUpClass" finished-at="2022-02-09T16:30:19Z" duration-ms="7296" status="PASS">
          <params>
            <param index="0">
              <value>
                <![CDATA[Internet Explorer]]>
              </value>
            </param>
            <param index="1">
              <value>
                <![CDATA[11.0]]>
              </value>
            </param>
            <param index="2">
              <value>
                <![CDATA[Windows 10]]>
              </value>
            </param>
          </params>
          <reporter-output>
          </reporter-output>
        </test-method> <!-- setUpClass -->
        <test-method signature="feature(cucumber.api.testng.CucumberFeatureWrapper)[pri:0, instance:MyRunner.TestRunner@5495333e]" started-at="2022-02-09T16:30:19Z" name="feature" description="Runs Cucumber Feature" data-provider="features" finished-at="2022-02-09T16:30:28Z" duration-ms="9027" status="PASS">
          <params>
            <param index="0">
              <value>
                <![CDATA[DragAndDropSlider]]>
              </value>
            </param>
          </params>
          <reporter-output>
          </reporter-output>
        </test-method> <!-- feature -->
        <test-method is-config="true" signature="setUpClass(java.lang.String, java.lang.String, java.lang.String)[pri:0, instance:MyRunner.TestRunner@5495333e]" started-at="2022-02-09T16:30:28Z" name="setUpClass" finished-at="2022-02-09T16:31:51Z" duration-ms="83268" status="PASS">
          <params>
            <param index="0">
              <value>
                <![CDATA[Internet Explorer]]>
              </value>
            </param>
            <param index="1">
              <value>
                <![CDATA[11.0]]>
              </value>
            </param>
            <param index="2">
              <value>
                <![CDATA[Windows 10]]>
              </value>
            </param>
          </params>
          <reporter-output>
          </reporter-output>
        </test-method> <!-- setUpClass -->
        <test-method signature="feature(cucumber.api.testng.CucumberFeatureWrapper)[pri:0, instance:MyRunner.TestRunner@5495333e]" started-at="2022-02-09T16:31:51Z" name="feature" description="Runs Cucumber Feature" data-provider="features" finished-at="2022-02-09T16:32:07Z" duration-ms="15390" status="PASS">
          <params>
            <param index="0">
              <value>
                <![CDATA[InputFormSubmit]]>
              </value>
            </param>
          </params>
          <reporter-output>
          </reporter-output>
        </test-method> <!-- feature -->
        <test-method is-config="true" signature="setUpClass(java.lang.String, java.lang.String, java.lang.String)[pri:0, instance:MyRunner.TestRunner@5495333e]" started-at="2022-02-09T16:32:07Z" name="setUpClass" finished-at="2022-02-09T16:32:15Z" duration-ms="8643" status="PASS">
          <params>
            <param index="0">
              <value>
                <![CDATA[Internet Explorer]]>
              </value>
            </param>
            <param index="1">
              <value>
                <![CDATA[11.0]]>
              </value>
            </param>
            <param index="2">
              <value>
                <![CDATA[Windows 10]]>
              </value>
            </param>
          </params>
          <reporter-output>
          </reporter-output>
        </test-method> <!-- setUpClass -->
        <test-method signature="feature(cucumber.api.testng.CucumberFeatureWrapper)[pri:0, instance:MyRunner.TestRunner@5495333e]" started-at="2022-02-09T16:32:15Z" name="feature" description="Runs Cucumber Feature" data-provider="features" finished-at="2022-02-09T16:32:25Z" duration-ms="10085" status="PASS">
          <params>
            <param index="0">
              <value>
                <![CDATA[SimpleDemoForm]]>
              </value>
            </param>
          </params>
          <reporter-output>
          </reporter-output>
        </test-method> <!-- feature -->
        <test-method is-config="true" signature="tearDownClass()[pri:0, instance:MyRunner.TestRunner@5495333e]" started-at="2022-02-09T16:32:25Z" name="tearDownClass" finished-at="2022-02-09T16:32:25Z" duration-ms="4" status="PASS">
          <reporter-output>
          </reporter-output>
        </test-method> <!-- tearDownClass -->
      </class> <!-- MyRunner.TestRunner -->
    </test> <!-- Windows-10 -->
    <test started-at="2022-02-09T16:30:11Z" name="Windows 10 Test" finished-at="2022-02-09T16:32:29Z" duration-ms="137519">
      <class name="MyRunner.TestRunner">
        <test-method is-config="true" signature="setUpCucumber()[pri:0, instance:MyRunner.TestRunner@398dada8]" started-at="2022-02-09T16:30:11Z" name="setUpCucumber" finished-at="2022-02-09T16:30:11Z" duration-ms="425" status="PASS">
          <reporter-output>
          </reporter-output>
        </test-method> <!-- setUpCucumber -->
        <test-method is-config="true" signature="setUpClass(java.lang.String, java.lang.String, java.lang.String)[pri:0, instance:MyRunner.TestRunner@398dada8]" started-at="2022-02-09T16:30:12Z" name="setUpClass" finished-at="2022-02-09T16:31:10Z" duration-ms="58051" status="PASS">
          <params>
            <param index="0">
              <value>
                <![CDATA[chrome]]>
              </value>
            </param>
            <param index="1">
              <value>
                <![CDATA[88.0]]>
              </value>
            </param>
            <param index="2">
              <value>
                <![CDATA[Windows 10]]>
              </value>
            </param>
          </params>
          <reporter-output>
          </reporter-output>
        </test-method> <!-- setUpClass -->
        <test-method signature="feature(cucumber.api.testng.CucumberFeatureWrapper)[pri:0, instance:MyRunner.TestRunner@398dada8]" started-at="2022-02-09T16:31:10Z" name="feature" description="Runs Cucumber Feature" data-provider="features" finished-at="2022-02-09T16:31:19Z" duration-ms="9117" status="PASS">
          <params>
            <param index="0">
              <value>
                <![CDATA[DragAndDropSlider]]>
              </value>
            </param>
          </params>
          <reporter-output>
          </reporter-output>
        </test-method> <!-- feature -->
        <test-method is-config="true" signature="setUpClass(java.lang.String, java.lang.String, java.lang.String)[pri:0, instance:MyRunner.TestRunner@398dada8]" started-at="2022-02-09T16:31:19Z" name="setUpClass" finished-at="2022-02-09T16:31:48Z" duration-ms="29640" status="PASS">
          <params>
            <param index="0">
              <value>
                <![CDATA[chrome]]>
              </value>
            </param>
            <param index="1">
              <value>
                <![CDATA[88.0]]>
              </value>
            </param>
            <param index="2">
              <value>
                <![CDATA[Windows 10]]>
              </value>
            </param>
          </params>
          <reporter-output>
          </reporter-output>
        </test-method> <!-- setUpClass -->
        <test-method signature="feature(cucumber.api.testng.CucumberFeatureWrapper)[pri:0, instance:MyRunner.TestRunner@398dada8]" started-at="2022-02-09T16:31:48Z" name="feature" description="Runs Cucumber Feature" data-provider="features" finished-at="2022-02-09T16:31:59Z" duration-ms="10391" status="PASS">
          <params>
            <param index="0">
              <value>
                <![CDATA[InputFormSubmit]]>
              </value>
            </param>
          </params>
          <reporter-output>
          </reporter-output>
        </test-method> <!-- feature -->
        <test-method is-config="true" signature="setUpClass(java.lang.String, java.lang.String, java.lang.String)[pri:0, instance:MyRunner.TestRunner@398dada8]" started-at="2022-02-09T16:31:59Z" name="setUpClass" finished-at="2022-02-09T16:32:16Z" duration-ms="17589" status="PASS">
          <params>
            <param index="0">
              <value>
                <![CDATA[chrome]]>
              </value>
            </param>
            <param index="1">
              <value>
                <![CDATA[88.0]]>
              </value>
            </param>
            <param index="2">
              <value>
                <![CDATA[Windows 10]]>
              </value>
            </param>
          </params>
          <reporter-output>
          </reporter-output>
        </test-method> <!-- setUpClass -->
        <test-method signature="feature(cucumber.api.testng.CucumberFeatureWrapper)[pri:0, instance:MyRunner.TestRunner@398dada8]" started-at="2022-02-09T16:32:16Z" name="feature" description="Runs Cucumber Feature" data-provider="features" finished-at="2022-02-09T16:32:28Z" duration-ms="12121" status="PASS">
          <params>
            <param index="0">
              <value>
                <![CDATA[SimpleDemoForm]]>
              </value>
            </param>
          </params>
          <reporter-output>
          </reporter-output>
        </test-method> <!-- feature -->
        <test-method is-config="true" signature="tearDownClass()[pri:0, instance:MyRunner.TestRunner@398dada8]" started-at="2022-02-09T16:32:28Z" name="tearDownClass" finished-at="2022-02-09T16:32:29Z" duration-ms="5" status="PASS">
          <reporter-output>
          </reporter-output>
        </test-method> <!-- tearDownClass -->
      </class> <!-- MyRunner.TestRunner -->
    </test> <!-- Windows 10 Test -->
  </suite> <!-- Suite -->
</testng-results>
