<?xml version="1.0" encoding="UTF-8"?>
<testsuite xmlns:xsi="http://www.w3.org/2001/XMLSchema-instance" xsi:noNamespaceSchemaLocation="https://maven.apache.org/surefire/maven-surefire-plugin/xsd/surefire-test-report.xsd" name="TestSuite" time="131.788" tests="12" errors="0" skipped="0" failures="0">
  <properties>
[...]
</properties>
  <testcase name="feature" classname="MyRunner.TestRunner" time="6.112"/>
  <testcase name="feature" classname="MyRunner.TestRunner" time="11.412"/>
  <testcase name="feature" classname="MyRunner.TestRunner" time="8.313"/>
  <testcase name="feature" classname="MyRunner.TestRunner" time="9.74"/>
  <testcase name="feature" classname="MyRunner.TestRunner" time="3.107"/>
  <testcase name="feature" classname="MyRunner.TestRunner" time="9.35"/>
  <testcase name="feature" classname="MyRunner.TestRunner" time="5.422"/>
  <testcase name="feature" classname="MyRunner.TestRunner" time="10.455"/>
  <testcase name="feature" classname="MyRunner.TestRunner" time="7.944"/>
  <testcase name="feature" classname="MyRunner.TestRunner" time="10.038"/>
  <testcase name="feature" classname="MyRunner.TestRunner" time="7.641"/>
  <testcase name="feature" classname="MyRunner.TestRunner" time="8.281"/>
</testsuite>