<?xml version="1.0" encoding="UTF-8"?>
<testng-results ignored="0" total="12" passed="12" failed="0" skipped="0">
  <reporter-output>
  </reporter-output>
  <suite started-at="2022-02-09T16:38:37Z" name="Suite" finished-at="2022-02-09T16:40:47Z" duration-ms="130635">
    <groups>
      <group name="cucumber">
        <method signature="TestRunner.feature(cucumber.api.testng.CucumberFeatureWrapper)[pri:0, instance:MyRunner.TestRunner@4f704591]" name="feature" class="MyRunner.TestRunner"/>
        <method signature="TestRunner.feature(cucumber.api.testng.CucumberFeatureWrapper)[pri:0, instance:MyRunner.TestRunner@398dada8]" name="feature" class="MyRunner.TestRunner"/>
        <method signature="TestRunner.feature(cucumber.api.testng.CucumberFeatureWrapper)[pri:0, instance:MyRunner.TestRunner@6a47b187]" name="feature" class="MyRunner.TestRunner"/>
        <method signature="TestRunner.feature(cucumber.api.testng.CucumberFeatureWrapper)[pri:0, instance:MyRunner.TestRunner@5495333e]" name="feature" class="MyRunner.TestRunner"/>
      </group> <!-- cucumber -->
    </groups>
    <test started-at="2022-02-09T16:38:37Z" name="MacOSTest" finished-at="2022-02-09T16:39:40Z" duration-ms="62766">
      <class name="MyRunner.TestRunner">
        <test-method is-config="true" signature="setUpCucumber()[pri:0, instance:MyRunner.TestRunner@6a47b187]" started-at="2022-02-09T16:38:37Z" name="setUpCucumber" finished-at="2022-02-09T16:38:37Z" duration-ms="409" status="PASS">
          <reporter-output>
          </reporter-output>
        </test-method> <!-- setUpCucumber -->
        <test-method is-config="true" signature="setUpClass(java.lang.String, java.lang.String, java.lang.String)[pri:0, instance:MyRunner.TestRunner@6a47b187]" started-at="2022-02-09T16:38:37Z" name="setUpClass" finished-at="2022-02-09T16:38:46Z" duration-ms="8946" status="PASS">
          <params>
            <param index="0">
              <value>
                <![CDATA[Microsoft Edge]]>
              </value>
            </param>
            <param index="1">
              <value>
                <![CDATA[87.0]]>
              </value>
            </param>
            <param index="2">
              <value>
                <![CDATA[macOS Sierra]]>
              </value>
            </param>
          </params>
          <reporter-output>
          </reporter-output>
        </test-method> <!-- setUpClass -->
        <test-method signature="feature(cucumber.api.testng.CucumberFeatureWrapper)[pri:0, instance:MyRunner.TestRunner@6a47b187]" started-at="2022-02-09T16:38:46Z" name="feature" description="Runs Cucumber Feature" data-provider="features" finished-at="2022-02-09T16:38:58Z" duration-ms="11411" status="PASS">
          <params>
            <param index="0">
              <value>
                <![CDATA[DragAndDropSlider]]>
              </value>
            </param>
          </params>
          <reporter-output>
          </reporter-output>
        </test-method> <!-- feature -->
        <test-method is-config="true" signature="setUpClass(java.lang.String, java.lang.String, java.lang.String)[pri:0, instance:MyRunner.TestRunner@6a47b187]" started-at="2022-02-09T16:38:58Z" name="setUpClass" finished-at="2022-02-09T16:39:07Z" duration-ms="9719" status="PASS">
          <params>
            <param index="0">
              <value>
                <![CDATA[Microsoft Edge]]>
              </value>
            </param>
            <param index="1">
              <value>
                <![CDATA[87.0]]>
              </value>
            </param>
            <param index="2">
              <value>
                <![CDATA[macOS Sierra]]>
              </value>
            </param>
          </params>
          <reporter-output>
          </reporter-output>
        </test-method> <!-- setUpClass -->
        <test-method signature="feature(cucumber.api.testng.CucumberFeatureWrapper)[pri:0, instance:MyRunner.TestRunner@6a47b187]" started-at="2022-02-09T16:39:07Z" name="feature" description="Runs Cucumber Feature" data-provider="features" finished-at="2022-02-09T16:39:25Z" duration-ms="17546" status="PASS">
          <params>
            <param index="0">
              <value>
                <![CDATA[InputFormSubmit]]>
              </value>
            </param>
          </params>
          <reporter-output>
          </reporter-output>
        </test-method> <!-- feature -->
        <test-method is-config="true" signature="setUpClass(java.lang.String, java.lang.String, java.lang.String)[pri:0, instance:MyRunner.TestRunner@6a47b187]" started-at="2022-02-09T16:39:25Z" name="setUpClass" finished-at="2022-02-09T16:39:33Z" duration-ms="8013" status="PASS">
          <params>
            <param index="0">
              <value>
                <![CDATA[Microsoft Edge]]>
              </value>
            </param>
            <param index="1">
              <value>
                <![CDATA[87.0]]>
              </value>
            </param>
            <param index="2">
              <value>
                <![CDATA[macOS Sierra]]>
              </value>
            </param>
          </params>
          <reporter-output>
          </reporter-output>
        </test-method> <!-- setUpClass -->
        <test-method signature="feature(cucumber.api.testng.CucumberFeatureWrapper)[pri:0, instance:MyRunner.TestRunner@6a47b187]" started-at="2022-02-09T16:39:33Z" name="feature" description="Runs Cucumber Feature" data-provider="features" finished-at="2022-02-09T16:39:40Z" duration-ms="6549" status="PASS">
          <params>
            <param index="0">
              <value>
                <![CDATA[SimpleDemoForm]]>
              </value>
            </param>
          </params>
          <reporter-output>
          </reporter-output>
        </test-method> <!-- feature -->
        <test-method is-config="true" signature="tearDownClass()[pri:0, instance:MyRunner.TestRunner@6a47b187]" started-at="2022-02-09T16:39:40Z" name="tearDownClass" finished-at="2022-02-09T16:39:40Z" duration-ms="9" status="PASS">
          <reporter-output>
          </reporter-output>
        </test-method> <!-- tearDownClass -->
      </class> <!-- MyRunner.TestRunner -->
    </test> <!-- MacOSTest -->
    <test started-at="2022-02-09T16:38:37Z" name="Windows 7 Test" finished-at="2022-02-09T16:40:01Z" duration-ms="84406">
      <class name="MyRunner.TestRunner">
        <test-method is-config="true" signature="setUpCucumber()[pri:0, instance:MyRunner.TestRunner@4f704591]" started-at="2022-02-09T16:38:37Z" name="setUpCucumber" finished-at="2022-02-09T16:38:37Z" duration-ms="409" status="PASS">
          <reporter-output>
          </reporter-output>
        </test-method> <!-- setUpCucumber -->
        <test-method is-config="true" signature="setUpClass(java.lang.String, java.lang.String, java.lang.String)[pri:0, instance:MyRunner.TestRunner@4f704591]" started-at="2022-02-09T16:38:37Z" name="setUpClass" finished-at="2022-02-09T16:39:15Z" duration-ms="37884" status="PASS">
          <params>
            <param index="0">
              <value>
                <![CDATA[Firefox]]>
              </value>
            </param>
            <param index="1">
              <value>
                <![CDATA[82.0]]>
              </value>
            </param>
            <param index="2">
              <value>
                <![CDATA[Windows 7]]>
              </value>
            </param>
          </params>
          <reporter-output>
          </reporter-output>
        </test-method> <!-- setUpClass -->
        <test-method signature="feature(cucumber.api.testng.CucumberFeatureWrapper)[pri:0, instance:MyRunner.TestRunner@4f704591]" started-at="2022-02-09T16:39:15Z" name="feature" description="Runs Cucumber Feature" data-provider="features" finished-at="2022-02-09T16:39:24Z" duration-ms="8313" status="PASS">
          <params>
            <param index="0">
              <value>
                <![CDATA[DragAndDropSlider]]>
              </value>
            </param>
          </params>
          <reporter-output>
          </reporter-output>
        </test-method> <!-- feature -->
        <test-method is-config="true" signature="setUpClass(java.lang.String, java.lang.String, java.lang.String)[pri:0, instance:MyRunner.TestRunner@4f704591]" started-at="2022-02-09T16:39:24Z" name="setUpClass" finished-at="2022-02-09T16:39:36Z" duration-ms="12882" status="PASS">
          <params>
            <param index="0">
              <value>
                <![CDATA[Firefox]]>
              </value>
            </param>
            <param index="1">
              <value>
                <![CDATA[82.0]]>
              </value>
            </param>
            <param index="2">
              <value>
                <![CDATA[Windows 7]]>
              </value>
            </param>
          </params>
          <reporter-output>
          </reporter-output>
        </test-method> <!-- setUpClass -->
        <test-method signature="feature(cucumber.api.testng.CucumberFeatureWrapper)[pri:0, instance:MyRunner.TestRunner@4f704591]" started-at="2022-02-09T16:39:36Z" name="feature" description="Runs Cucumber Feature" data-provider="features" finished-at="2022-02-09T16:39:46Z" duration-ms="9350" status="PASS">
          <params>
            <param index="0">
              <value>
                <![CDATA[InputFormSubmit]]>
              </value>
            </param>
          </params>
          <reporter-output>
          </reporter-output>
        </test-method> <!-- feature -->
        <test-method is-config="true" signature="setUpClass(java.lang.String, java.lang.String, java.lang.String)[pri:0, instance:MyRunner.TestRunner@4f704591]" started-at="2022-02-09T16:39:46Z" name="setUpClass" finished-at="2022-02-09T16:39:55Z" duration-ms="9342" status="PASS">
          <params>
            <param index="0">
              <value>
                <![CDATA[Firefox]]>
              </value>
            </param>
            <param index="1">
              <value>
                <![CDATA[82.0]]>
              </value>
            </param>
            <param index="2">
              <value>
                <![CDATA[Windows 7]]>
              </value>
            </param>
          </params>
          <reporter-output>
          </reporter-output>
        </test-method> <!-- setUpClass -->
        <test-method signature="feature(cucumber.api.testng.CucumberFeatureWrapper)[pri:0, instance:MyRunner.TestRunner@4f704591]" started-at="2022-02-09T16:39:55Z" name="feature" description="Runs Cucumber Feature" data-provider="features" finished-at="2022-02-09T16:40:01Z" duration-ms="6038" status="PASS">
          <params>
            <param index="0">
              <value>
                <![CDATA[SimpleDemoForm]]>
              </value>
            </param>
          </params>
          <reporter-output>
          </reporter-output>
        </test-method> <!-- feature -->
        <test-method is-config="true" signature="tearDownClass()[pri:0, instance:MyRunner.TestRunner@4f704591]" started-at="2022-02-09T16:40:01Z" name="tearDownClass" finished-at="2022-02-09T16:40:01Z" duration-ms="21" status="PASS">
          <reporter-output>
          </reporter-output>
        </test-method> <!-- tearDownClass -->
      </class> <!-- MyRunner.TestRunner -->
    </test> <!-- Windows 7 Test -->
    <test started-at="2022-02-09T16:38:37Z" name="Windows 10 Test" finished-at="2022-02-09T16:40:47Z" duration-ms="129989">
      <class name="MyRunner.TestRunner">
        <test-method is-config="true" signature="setUpCucumber()[pri:0, instance:MyRunner.TestRunner@398dada8]" started-at="2022-02-09T16:38:37Z" name="setUpCucumber" finished-at="2022-02-09T16:38:37Z" duration-ms="409" status="PASS">
          <reporter-output>
          </reporter-output>
        </test-method> <!-- setUpCucumber -->
        <test-method is-config="true" signature="setUpClass(java.lang.String, java.lang.String, java.lang.String)[pri:0, instance:MyRunner.TestRunner@398dada8]" started-at="2022-02-09T16:38:37Z" name="setUpClass" finished-at="2022-02-09T16:39:56Z" duration-ms="78410" status="PASS">
          <params>
            <param index="0">
              <value>
                <![CDATA[chrome]]>
              </value>
            </param>
            <param index="1">
              <value>
                <![CDATA[88.0]]>
              </value>
            </param>
            <param index="2">
              <value>
                <![CDATA[Windows 10]]>
              </value>
            </param>
          </params>
          <reporter-output>
          </reporter-output>
        </test-method> <!-- setUpClass -->
        <test-method signature="feature(cucumber.api.testng.CucumberFeatureWrapper)[pri:0, instance:MyRunner.TestRunner@398dada8]" started-at="2022-02-09T16:39:56Z" name="feature" description="Runs Cucumber Feature" data-provider="features" finished-at="2022-02-09T16:40:06Z" duration-ms="10455" status="PASS">
          <params>
            <param index="0">
              <value>
                <![CDATA[DragAndDropSlider]]>
              </value>
            </param>
          </params>
          <reporter-output>
          </reporter-output>
        </test-method> <!-- feature -->
        <test-method is-config="true" signature="setUpClass(java.lang.String, java.lang.String, java.lang.String)[pri:0, instance:MyRunner.TestRunner@398dada8]" started-at="2022-02-09T16:40:06Z" name="setUpClass" finished-at="2022-02-09T16:40:15Z" duration-ms="8747" status="PASS">
          <params>
            <param index="0">
              <value>
                <![CDATA[chrome]]>
              </value>
            </param>
            <param index="1">
              <value>
                <![CDATA[88.0]]>
              </value>
            </param>
            <param index="2">
              <value>
                <![CDATA[Windows 10]]>
              </value>
            </param>
          </params>
          <reporter-output>
          </reporter-output>
        </test-method> <!-- setUpClass -->
        <test-method signature="feature(cucumber.api.testng.CucumberFeatureWrapper)[pri:0, instance:MyRunner.TestRunner@398dada8]" started-at="2022-02-09T16:40:15Z" name="feature" description="Runs Cucumber Feature" data-provider="features" finished-at="2022-02-09T16:40:25Z" duration-ms="10037" status="PASS">
          <params>
            <param index="0">
              <value>
                <![CDATA[InputFormSubmit]]>
              </value>
            </param>
          </params>
          <reporter-output>
          </reporter-output>
        </test-method> <!-- feature -->
        <test-method is-config="true" signature="setUpClass(java.lang.String, java.lang.String, java.lang.String)[pri:0, instance:MyRunner.TestRunner@398dada8]" started-at="2022-02-09T16:40:25Z" name="setUpClass" finished-at="2022-02-09T16:40:39Z" duration-ms="14141" status="PASS">
          <params>
            <param index="0">
              <value>
                <![CDATA[chrome]]>
              </value>
            </param>
            <param index="1">
              <value>
                <![CDATA[88.0]]>
              </value>
            </param>
            <param index="2">
              <value>
                <![CDATA[Windows 10]]>
              </value>
            </param>
          </params>
          <reporter-output>
          </reporter-output>
        </test-method> <!-- setUpClass -->
        <test-method signature="feature(cucumber.api.testng.CucumberFeatureWrapper)[pri:0, instance:MyRunner.TestRunner@398dada8]" started-at="2022-02-09T16:40:39Z" name="feature" description="Runs Cucumber Feature" data-provider="features" finished-at="2022-02-09T16:40:47Z" duration-ms="7642" status="PASS">
          <params>
            <param index="0">
              <value>
                <![CDATA[SimpleDemoForm]]>
              </value>
            </param>
          </params>
          <reporter-output>
          </reporter-output>
        </test-method> <!-- feature -->
        <test-method is-config="true" signature="tearDownClass()[pri:0, instance:MyRunner.TestRunner@398dada8]" started-at="2022-02-09T16:40:47Z" name="tearDownClass" finished-at="2022-02-09T16:40:47Z" duration-ms="6" status="PASS">
          <reporter-output>
          </reporter-output>
        </test-method> <!-- tearDownClass -->
      </class> <!-- MyRunner.TestRunner -->
    </test> <!-- Windows 10 Test -->
    <test started-at="2022-02-09T16:38:37Z" name="Windows-10" finished-at="2022-02-09T16:40:47Z" duration-ms="130628">
      <class name="MyRunner.TestRunner">
        <test-method is-config="true" signature="setUpCucumber()[pri:0, instance:MyRunner.TestRunner@5495333e]" started-at="2022-02-09T16:38:37Z" name="setUpCucumber" finished-at="2022-02-09T16:38:37Z" duration-ms="409" status="PASS">
          <reporter-output>
          </reporter-output>
        </test-method> <!-- setUpCucumber -->
        <test-method is-config="true" signature="setUpClass(java.lang.String, java.lang.String, java.lang.String)[pri:0, instance:MyRunner.TestRunner@5495333e]" started-at="2022-02-09T16:38:37Z" name="setUpClass" finished-at="2022-02-09T16:38:44Z" duration-ms="6650" status="PASS">
          <params>
            <param index="0">
              <value>
                <![CDATA[Internet Explorer]]>
              </value>
            </param>
            <param index="1">
              <value>
                <![CDATA[11.0]]>
              </value>
            </param>
            <param index="2">
              <value>
                <![CDATA[Windows 10]]>
              </value>
            </param>
          </params>
          <reporter-output>
          </reporter-output>
        </test-method> <!-- setUpClass -->
        <test-method signature="feature(cucumber.api.testng.CucumberFeatureWrapper)[pri:0, instance:MyRunner.TestRunner@5495333e]" started-at="2022-02-09T16:38:44Z" name="feature" description="Runs Cucumber Feature" data-provider="features" finished-at="2022-02-09T16:38:52Z" duration-ms="8427" status="PASS">
          <params>
            <param index="0">
              <value>
                <![CDATA[DragAndDropSlider]]>
              </value>
            </param>
          </params>
          <reporter-output>
          </reporter-output>
        </test-method> <!-- feature -->
        <test-method is-config="true" signature="setUpClass(java.lang.String, java.lang.String, java.lang.String)[pri:0, instance:MyRunner.TestRunner@5495333e]" started-at="2022-02-09T16:38:52Z" name="setUpClass" finished-at="2022-02-09T16:40:13Z" duration-ms="80965" status="PASS">
          <params>
            <param index="0">
              <value>
                <![CDATA[Internet Explorer]]>
              </value>
            </param>
            <param index="1">
              <value>
                <![CDATA[11.0]]>
              </value>
            </param>
            <param index="2">
              <value>
                <![CDATA[Windows 10]]>
              </value>
            </param>
          </params>
          <reporter-output>
          </reporter-output>
        </test-method> <!-- setUpClass -->
        <test-method signature="feature(cucumber.api.testng.CucumberFeatureWrapper)[pri:0, instance:MyRunner.TestRunner@5495333e]" started-at="2022-02-09T16:40:13Z" name="feature" description="Runs Cucumber Feature" data-provider="features" finished-at="2022-02-09T16:40:23Z" duration-ms="9512" status="PASS">
          <params>
            <param index="0">
              <value>
                <![CDATA[InputFormSubmit]]>
              </value>
            </param>
          </params>
          <reporter-output>
          </reporter-output>
        </test-method> <!-- feature -->
        <test-method is-config="true" signature="setUpClass(java.lang.String, java.lang.String, java.lang.String)[pri:0, instance:MyRunner.TestRunner@5495333e]" started-at="2022-02-09T16:40:23Z" name="setUpClass" finished-at="2022-02-09T16:40:39Z" duration-ms="16142" status="PASS">
          <params>
            <param index="0">
              <value>
                <![CDATA[Internet Explorer]]>
              </value>
            </param>
            <param index="1">
              <value>
                <![CDATA[11.0]]>
              </value>
            </param>
            <param index="2">
              <value>
                <![CDATA[Windows 10]]>
              </value>
            </param>
          </params>
          <reporter-output>
          </reporter-output>
        </test-method> <!-- setUpClass -->
        <test-method signature="feature(cucumber.api.testng.CucumberFeatureWrapper)[pri:0, instance:MyRunner.TestRunner@5495333e]" started-at="2022-02-09T16:40:39Z" name="feature" description="Runs Cucumber Feature" data-provider="features" finished-at="2022-02-09T16:40:47Z" duration-ms="8374" status="PASS">
          <params>
            <param index="0">
              <value>
                <![CDATA[SimpleDemoForm]]>
              </value>
            </param>
          </params>
          <reporter-output>
          </reporter-output>
        </test-method> <!-- feature -->
        <test-method is-config="true" signature="tearDownClass()[pri:0, instance:MyRunner.TestRunner@5495333e]" started-at="2022-02-09T16:40:47Z" name="tearDownClass" finished-at="2022-02-09T16:40:47Z" duration-ms="6" status="PASS">
          <reporter-output>
          </reporter-output>
        </test-method> <!-- tearDownClass -->
      </class> <!-- MyRunner.TestRunner -->
    </test> <!-- Windows-10 -->
  </suite> <!-- Suite -->
</testng-results>
