<?xml version="1.0" encoding="UTF-8"?>
<!-- Generated by org.testng.reporters.JUnitXMLReporter -->
<testsuite ignored="0" hostname="sknrasool11-selenium-rcruv1vn4j3" failures="0" tests="3" name="MacOSTest" time="74.038" errors="0" timestamp="09 Feb 2022 16:31:25 GMT">
  <testcase classname="MyRunner.TestRunner" name="feature" time="8.831"/>
  <testcase classname="MyRunner.TestRunner" name="feature" time="16.202"/>
  <testcase classname="MyRunner.TestRunner" name="feature" time="6.745"/>
</testsuite> <!-- MacOSTest -->
