<?xml version="1.0" encoding="UTF-8"?>
<!-- Generated by org.testng.reporters.JUnitXMLReporter -->
<testsuite ignored="0" hostname="sknrasool11-selenium-rcruv1vn4j3" failures="0" tests="3" name="MacOSTest" time="62.766" errors="0" timestamp="09 Feb 2022 16:39:40 GMT">
  <testcase classname="MyRunner.TestRunner" name="feature" time="11.411"/>
  <testcase classname="MyRunner.TestRunner" name="feature" time="17.546"/>
  <testcase classname="MyRunner.TestRunner" name="feature" time="6.549"/>
</testsuite> <!-- MacOSTest -->
