<?xml version="1.0" encoding="UTF-8"?>
<!-- Generated by org.testng.reporters.JUnitXMLReporter -->
<testsuite ignored="0" hostname="sknrasool11-selenium-rcruv1vn4j3" failures="0" tests="3" name="Windows-10" time="134.348" errors="0" timestamp="09 Feb 2022 16:32:25 GMT">
  <testcase classname="MyRunner.TestRunner" name="feature" time="9.027"/>
  <testcase classname="MyRunner.TestRunner" name="feature" time="15.39"/>
  <testcase classname="MyRunner.TestRunner" name="feature" time="10.085"/>
</testsuite> <!-- Windows-10 -->
