<?xml version="1.0" encoding="UTF-8"?>
<!-- Generated by org.testng.reporters.JUnitXMLReporter -->
<testsuite ignored="0" hostname="sknrasool11-selenium-rcruv1vn4j3" failures="0" tests="3" name="Windows 10 Test" time="137.519" errors="0" timestamp="09 Feb 2022 16:32:29 GMT">
  <testcase classname="MyRunner.TestRunner" name="feature" time="9.117"/>
  <testcase classname="MyRunner.TestRunner" name="feature" time="10.391"/>
  <testcase classname="MyRunner.TestRunner" name="feature" time="12.121"/>
</testsuite> <!-- Windows 10 Test -->
