<?xml version="1.0" encoding="UTF-8"?>
<!-- Generated by org.testng.reporters.JUnitXMLReporter -->
<testsuite ignored="0" hostname="sknrasool11-selenium-rcruv1vn4j3" failures="0" tests="3" name="Windows 7 Test" time="84.406" errors="0" timestamp="09 Feb 2022 16:40:01 GMT">
  <testcase classname="MyRunner.TestRunner" name="feature" time="8.313"/>
  <testcase classname="MyRunner.TestRunner" name="feature" time="9.35"/>
  <testcase classname="MyRunner.TestRunner" name="feature" time="6.038"/>
</testsuite> <!-- Windows 7 Test -->
